<?xml version="1.0" encoding="UTF-8"?>
<!-- Generated by org.testng.reporters.JUnitXMLReporter -->
<testsuite ignored="0" hostname="7fcf16a2c29f55c" failures="0" tests="2" name="Default test" time="0.093" errors="0" timestamp="2025-09-17T20:31:24 IST">
  <testcase classname="com.company.attendance.service.LeaveServiceTest" name="testApplyAndApproveLeave" time="0.011"/>
  <testcase classname="com.company.attendance.service.LeaveServiceTest" name="testInvalidDateRangeThrowsException" time="0.002"/>
</testsuite> <!-- Default test -->
